<?xml version="1.0" encoding="UTF-8"?>
<!-- Generated by org.testng.reporters.JUnitXMLReporter -->
<testsuite hostname="RahulKaelsMini2" ignored="0" name="Regression suite for order creation and payment =1" tests="4" failures="0" timestamp="02 Nov 2018 10:46:06 GMT" time="416.969" errors="0">
  <testcase name="orderWithTable" time="44.22" classname="com.torenzo.qa.testcases.TableStructureOrderTest"/>
  <testcase name="tableStrucuterVerify" time="52.185" classname="com.torenzo.qa.testcases.TableStructureOrderTest"/>
  <testcase name="addguestandItem" time="155.361" classname="com.torenzo.qa.testcases.TableStructureOrderTest"/>
  <testcase name="paymentorder" time="107.815" classname="com.torenzo.qa.testcases.TableStructureOrderTest"/>
</testsuite> <!-- Regression suite for order creation and payment =1 -->
