<?xml version="1.0" encoding="UTF-8"?>
<!-- Generated by org.testng.reporters.JUnitXMLReporter -->
<testsuite hostname="namet5" ignored="12" name="Regression suite for order creation and payment =1" tests="23" failures="0" timestamp="28 Nov 2018 06:22:35 GMT" time="15.464" errors="0">
  <testcase name="@BeforeTest login" time="15.122" classname="com.torenzo.qa.base.Loginapp">
    <failure type="org.openqa.selenium.WebDriverException" message="org.apache.http.conn.HttpHostConnectException: Connect to 127.0.0.1:4723 [/127.0.0.1] failed: Connection refused: connect
Build info: version: &amp;apos;3.3.1&amp;apos;, revision: &amp;apos;5234b325d5&amp;apos;, time: &amp;apos;2017-03-10 09:10:29 +0000&amp;apos;
System info: host: &amp;apos;NAMET5&amp;apos;, ip: &amp;apos;192.168.56.1&amp;apos;, os.name: &amp;apos;Windows 7&amp;apos;, os.arch: &amp;apos;amd64&amp;apos;, os.version: &amp;apos;6.1&amp;apos;, java.version: &amp;apos;1.8.0_171&amp;apos;
Driver info: driver.version: AndroidDriver">
      <![CDATA[org.openqa.selenium.WebDriverException: org.apache.http.conn.HttpHostConnectException: Connect to 127.0.0.1:4723 [/127.0.0.1] failed: Connection refused: connect
Build info: version: '3.3.1', revision: '5234b325d5', time: '2017-03-10 09:10:29 +0000'
System info: host: 'NAMET5', ip: '192.168.56.1', os.name: 'Windows 7', os.arch: 'amd64', os.version: '6.1', java.version: '1.8.0_171'
Driver info: driver.version: AndroidDriver
at io.appium.java_client.remote.AppiumCommandExecutor.execute(AppiumCommandExecutor.java:177)
at org.openqa.selenium.remote.RemoteWebDriver.execute(RemoteWebDriver.java:604)
at io.appium.java_client.DefaultGenericMobileDriver.execute(DefaultGenericMobileDriver.java:42)
at io.appium.java_client.AppiumDriver.execute(AppiumDriver.java:1)
at io.appium.java_client.android.AndroidDriver.execute(AndroidDriver.java:1)
at org.openqa.selenium.remote.RemoteWebDriver.findElement(RemoteWebDriver.java:371)
at io.appium.java_client.DefaultGenericMobileDriver.findElement(DefaultGenericMobileDriver.java:62)
at io.appium.java_client.AppiumDriver.findElement(AppiumDriver.java:1)
at io.appium.java_client.android.AndroidDriver.findElement(AndroidDriver.java:1)
at org.openqa.selenium.remote.RemoteWebDriver.findElementByXPath(RemoteWebDriver.java:476)
at io.appium.java_client.DefaultGenericMobileDriver.findElementByXPath(DefaultGenericMobileDriver.java:140)
at io.appium.java_client.AppiumDriver.findElementByXPath(AppiumDriver.java:1)
at io.appium.java_client.android.AndroidDriver.findElementByXPath(AndroidDriver.java:1)
at org.openqa.selenium.By$ByXPath.findElement(By.java:361)
at org.openqa.selenium.remote.RemoteWebDriver.findElement(RemoteWebDriver.java:363)
at io.appium.java_client.DefaultGenericMobileDriver.findElement(DefaultGenericMobileDriver.java:58)
at io.appium.java_client.AppiumDriver.findElement(AppiumDriver.java:1)
at io.appium.java_client.android.AndroidDriver.findElement(AndroidDriver.java:1)
at com.torenzo.qa.base.Loginapp.login(Loginapp.java:145)
Caused by: org.apache.http.conn.HttpHostConnectException: Connect to 127.0.0.1:4723 [/127.0.0.1] failed: Connection refused: connect
at org.apache.http.impl.conn.DefaultHttpClientConnectionOperator.connect(DefaultHttpClientConnectionOperator.java:159)
at org.apache.http.impl.conn.PoolingHttpClientConnectionManager.connect(PoolingHttpClientConnectionManager.java:373)
at org.apache.http.impl.execchain.MainClientExec.establishRoute(MainClientExec.java:394)
at org.apache.http.impl.execchain.MainClientExec.execute(MainClientExec.java:237)
at org.apache.http.impl.execchain.ProtocolExec.execute(ProtocolExec.java:185)
at org.apache.http.impl.execchain.RetryExec.execute(RetryExec.java:89)
at org.apache.http.impl.execchain.RedirectExec.execute(RedirectExec.java:110)
at org.apache.http.impl.client.InternalHttpClient.doExecute(InternalHttpClient.java:185)
at org.apache.http.impl.client.CloseableHttpClient.execute(CloseableHttpClient.java:72)
at org.apache.http.impl.client.CloseableHttpClient.execute(CloseableHttpClient.java:56)
at org.openqa.selenium.remote.internal.ApacheHttpClient.fallBackExecute(ApacheHttpClient.java:142)
at org.openqa.selenium.remote.internal.ApacheHttpClient.execute(ApacheHttpClient.java:88)
at io.appium.java_client.remote.AppiumCommandExecutor.doExecute(AppiumCommandExecutor.java:132)
at io.appium.java_client.remote.AppiumCommandExecutor.execute(AppiumCommandExecutor.java:162)
... 42 more
Caused by: java.net.ConnectException: Connection refused: connect
at java.net.DualStackPlainSocketImpl.waitForConnect(Native Method)
at java.net.DualStackPlainSocketImpl.socketConnect(Unknown Source)
at java.net.AbstractPlainSocketImpl.doConnect(Unknown Source)
at java.net.AbstractPlainSocketImpl.connectToAddress(Unknown Source)
at java.net.AbstractPlainSocketImpl.connect(Unknown Source)
at java.net.PlainSocketImpl.connect(Unknown Source)
at java.net.SocksSocketImpl.connect(Unknown Source)
at java.net.Socket.connect(Unknown Source)
at org.apache.http.conn.socket.PlainConnectionSocketFactory.connectSocket(PlainConnectionSocketFactory.java:75)
at org.apache.http.impl.conn.DefaultHttpClientConnectionOperator.connect(DefaultHttpClientConnectionOperator.java:142)
... 55 more
... Removed 24 stack frames]]>
    </failure>
  </testcase> <!-- @BeforeTest login -->
  <testcase name="@BeforeClass permission" time="0.0" classname="com.torenzo.qa.base.Loginapp">
    <skipped/>
  </testcase> <!-- @BeforeClass permission -->
  <testcase name="@BeforeClass permission" time="0.0" classname="com.torenzo.qa.base.Loginapp">
    <skipped/>
  </testcase> <!-- @BeforeClass permission -->
  <testcase name="@BeforeClass permission" time="0.0" classname="com.torenzo.qa.base.Loginapp">
    <skipped/>
  </testcase> <!-- @BeforeClass permission -->
  <testcase name="@BeforeClass permission" time="0.0" classname="com.torenzo.qa.base.Loginapp">
    <skipped/>
  </testcase> <!-- @BeforeClass permission -->
  <testcase name="@BeforeClass permission" time="0.0" classname="com.torenzo.qa.base.Loginapp">
    <skipped/>
  </testcase> <!-- @BeforeClass permission -->
  <testcase name="@BeforeClass permission" time="0.0" classname="com.torenzo.qa.base.Loginapp">
    <skipped/>
  </testcase> <!-- @BeforeClass permission -->
  <testcase name="@BeforeClass permission" time="0.0" classname="com.torenzo.qa.base.Loginapp">
    <skipped/>
  </testcase> <!-- @BeforeClass permission -->
  <testcase name="OrderCreateAndLoadTest" time="0.0" classname="com.torenzo.qa.testcases.VerifyOrderInSuspendedList">
    <skipped/>
  </testcase> <!-- OrderCreateAndLoadTest -->
  <testcase name="loadOrderFromSuspendedListTest" time="0.0" classname="com.torenzo.qa.testcases.VerifyOrderInSuspendedList">
    <skipped/>
  </testcase> <!-- loadOrderFromSuspendedListTest -->
  <testcase name="orderCreateAndDBtest" time="0.0" classname="com.torenzo.qa.testcases.VerifyOrderInTillTest">
    <skipped/>
  </testcase> <!-- orderCreateAndDBtest -->
  <testcase name="paymentAndDBtest" time="0.0" classname="com.torenzo.qa.testcases.VerifyOrderInTillTest">
    <skipped/>
  </testcase> <!-- paymentAndDBtest -->
  <testcase name="VerfyTillAndDBtest" time="0.0" classname="com.torenzo.qa.testcases.VerifyOrderInTillTest">
    <skipped/>
  </testcase> <!-- VerfyTillAndDBtest -->
  <testcase name="orderWithTable" time="0.0" classname="com.torenzo.qa.testcases.OrderCreateAndPayThroughSeated">
    <skipped/>
  </testcase> <!-- orderWithTable -->
  <testcase name="tableStrucuterVerify" time="0.0" classname="com.torenzo.qa.testcases.OrderCreateAndPayThroughSeated">
    <skipped/>
  </testcase> <!-- tableStrucuterVerify -->
  <testcase name="addguestandItem" time="0.0" classname="com.torenzo.qa.testcases.OrderCreateAndPayThroughSeated">
    <skipped/>
  </testcase> <!-- addguestandItem -->
  <testcase name="verifyTableViewIcon" time="0.0" classname="com.torenzo.qa.testcases.ReservationTest">
    <skipped/>
  </testcase> <!-- verifyTableViewIcon -->
  <testcase name="verifyReservation" time="0.0" classname="com.torenzo.qa.testcases.ReservationTest">
    <skipped/>
  </testcase> <!-- verifyReservation -->
  <testcase name="reservationTransfer" time="0.0" classname="com.torenzo.qa.testcases.ReservationTest">
    <skipped/>
  </testcase> <!-- reservationTransfer -->
  <testcase name="orderCreateAndPay" time="0.0" classname="com.torenzo.qa.testcases.VoidRefundOrderInTillTest">
    <skipped/>
  </testcase> <!-- orderCreateAndPay -->
  <testcase name="orderVerifyInEditOrder" time="0.0" classname="com.torenzo.qa.testcases.VoidRefundOrderInTillTest">
    <skipped/>
  </testcase> <!-- orderVerifyInEditOrder -->
  <testcase name="VerifyVoidinTill" time="0.0" classname="com.torenzo.qa.testcases.VoidRefundOrderInTillTest">
    <skipped/>
  </testcase> <!-- VerifyVoidinTill -->
  <testcase name="RefundTest" time="0.0" classname="com.torenzo.qa.testcases.VoidRefundOrderInTillTest">
    <skipped/>
  </testcase> <!-- RefundTest -->
  <testcase name="RefundTillTest" time="0.0" classname="com.torenzo.qa.testcases.VoidRefundOrderInTillTest">
    <skipped/>
  </testcase> <!-- RefundTillTest -->
  <testcase name="orderCreationWithNckot1" time="0.0" classname="com.torenzo.qa.testcases.VerifyOrederWithNckot">
    <skipped/>
  </testcase> <!-- orderCreationWithNckot1 -->
  <testcase name="orderPaidwithNckot" time="0.0" classname="com.torenzo.qa.testcases.VerifyOrederWithNckot">
    <skipped/>
  </testcase> <!-- orderPaidwithNckot -->
  <testcase name="OrderCreateWithNckot2" time="0.0" classname="com.torenzo.qa.testcases.VerifyOrederWithNckot">
    <skipped/>
  </testcase> <!-- OrderCreateWithNckot2 -->
  <testcase name="verifyOrderByRecjectNckot" time="0.0" classname="com.torenzo.qa.testcases.VerifyOrederWithNckot">
    <skipped/>
  </testcase> <!-- verifyOrderByRecjectNckot -->
  <testcase name="verifyOrderByRecjectNckotIntoTill" time="0.0" classname="com.torenzo.qa.testcases.VerifyOrederWithNckot">
    <skipped/>
  </testcase> <!-- verifyOrderByRecjectNckotIntoTill -->
  <testcase name="ordercreate" time="0.0" classname="com.torenzo.qa.testcases.ReportsTest">
    <skipped/>
  </testcase> <!-- ordercreate -->
  <testcase name="orderpaid" time="0.0" classname="com.torenzo.qa.testcases.ReportsTest">
    <skipped/>
  </testcase> <!-- orderpaid -->
  <testcase name="@BeforeSuite launch" time="0.0" classname="com.torenzo.qa.base.Loginapp">
    <ignored/>
  </testcase> <!-- @BeforeSuite launch -->
  <testcase name="@BeforeSuite launch" time="0.0" classname="com.torenzo.qa.base.Loginapp">
    <ignored/>
  </testcase> <!-- @BeforeSuite launch -->
  <testcase name="@BeforeSuite launch" time="0.0" classname="com.torenzo.qa.base.Loginapp">
    <ignored/>
  </testcase> <!-- @BeforeSuite launch -->
  <testcase name="@BeforeSuite launch" time="0.0" classname="com.torenzo.qa.base.Loginapp">
    <ignored/>
  </testcase> <!-- @BeforeSuite launch -->
  <testcase name="@BeforeSuite launch" time="0.0" classname="com.torenzo.qa.base.Loginapp">
    <ignored/>
  </testcase> <!-- @BeforeSuite launch -->
  <testcase name="@BeforeSuite launch" time="0.0" classname="com.torenzo.qa.base.Loginapp">
    <ignored/>
  </testcase> <!-- @BeforeSuite launch -->
  <testcase name="@BeforeTest login" time="0.0" classname="com.torenzo.qa.base.Loginapp">
    <ignored/>
  </testcase> <!-- @BeforeTest login -->
  <testcase name="@BeforeTest login" time="0.0" classname="com.torenzo.qa.base.Loginapp">
    <ignored/>
  </testcase> <!-- @BeforeTest login -->
  <testcase name="@BeforeTest login" time="0.0" classname="com.torenzo.qa.base.Loginapp">
    <ignored/>
  </testcase> <!-- @BeforeTest login -->
  <testcase name="@BeforeTest login" time="0.0" classname="com.torenzo.qa.base.Loginapp">
    <ignored/>
  </testcase> <!-- @BeforeTest login -->
  <testcase name="@BeforeTest login" time="0.0" classname="com.torenzo.qa.base.Loginapp">
    <ignored/>
  </testcase> <!-- @BeforeTest login -->
  <testcase name="@BeforeTest login" time="0.0" classname="com.torenzo.qa.base.Loginapp">
    <ignored/>
  </testcase> <!-- @BeforeTest login -->
</testsuite> <!-- Regression suite for order creation and payment =1 -->
